<?xml version="1.0" encoding="UTF-8"?>
<!-- Generated by org.testng.reporters.JUnitXMLReporter -->
<testsuite ignored="0" hostname="LAPTOP-TLR28ILL" failures="1" tests="1" name="Surefire test" time="4188.35" errors="0" timestamp="2025-01-08T00:33:12 EET">
  <testcase classname="restassured.TestClasses.GetUserTest" name="getUserData" time="4188.324">
    <failure type="java.lang.AssertionError" message="expected [Test Name] but found [Janet]">
      <![CDATA[java.lang.AssertionError: expected [Test Name] but found [Janet]
at restassured.TestClasses.GetUserTest.getUserData(GetUserTest.java:19)
at java.base/java.util.ArrayList.forEach(ArrayList.java:1597)
... Removed 36 stack frames]]>
    </failure>
  </testcase> <!-- getUserData -->
</testsuite> <!-- Surefire test -->
